#
# There is insufficient memory for the Java Runtime Environment to continue.
# Native memory allocation (malloc) failed to allocate 32744 bytes for ChunkPool::allocate
# Possible reasons:
#   The system is out of physical RAM or swap space
#   In 32 bit mode, the process size limit was hit
# Possible solutions:
#   Reduce memory load on the system
#   Increase physical memory or swap space
#   Check if swap backing store is full
#   Use 64 bit Java on a 64 bit OS
#   Decrease Java heap size (-Xmx/-Xms)
#   Decrease number of Java threads
#   Decrease Java thread stack sizes (-Xss)
#   Set larger code cache with -XX:ReservedCodeCacheSize=
# This output file may be truncated or incomplete.
#
#  Out of Memory Error (allocation.cpp:273), pid=12056, tid=0x00000000000009b0
#
# JRE version: Java(TM) SE Runtime Environment (8.0_92-b14) (build 1.8.0_92-b14)
# Java VM: Java HotSpot(TM) 64-Bit Server VM (25.92-b14 mixed mode windows-amd64 compressed oops)
# Failed to write core dump. Minidumps are not enabled by default on client versions of Windows
#

---------------  T H R E A D  ---------------

Current thread (0x0000000019669800):  JavaThread "C1 CompilerThread2" daemon [_thread_in_native, id=2480, stack(0x000000001adb0000,0x000000001aeb0000)]

Stack: [0x000000001adb0000,0x000000001aeb0000]
[error occurred during error reporting (printing stack bounds), id 0xc0000005]

Native frames: (J=compiled Java code, j=interpreted, Vv=VM code, C=native code)


Current CompileTask:
C1:  16376 2088   !   3       com.sun.tools.javac.parser.JavaTokenizer::readToken (2243 bytes)


---------------  P R O C E S S  ---------------

Java Threads: ( => current thread )
  0x000000001aed8800 JavaThread "Service Thread" daemon [_thread_blocked, id=4168, stack(0x000000001b2b0000,0x000000001b3b0000)]
=>0x0000000019669800 JavaThread "C1 CompilerThread2" daemon [_thread_in_native, id=2480, stack(0x000000001adb0000,0x000000001aeb0000)]
  0x0000000019664000 JavaThread "C2 CompilerThread1" daemon [_thread_in_native, id=5720, stack(0x000000001acb0000,0x000000001adb0000)]
  0x000000001965e000 JavaThread "C2 CompilerThread0" daemon [_thread_in_native, id=10484, stack(0x000000001abb0000,0x000000001acb0000)]
  0x000000001965b800 JavaThread "Attach Listener" daemon [_thread_blocked, id=4248, stack(0x000000001aab0000,0x000000001abb0000)]
  0x000000001965a000 JavaThread "Signal Dispatcher" daemon [_thread_blocked, id=13224, stack(0x000000001a9b0000,0x000000001aab0000)]
  0x0000000019649800 JavaThread "Finalizer" daemon [_thread_blocked, id=6604, stack(0x000000001a8b0000,0x000000001a9b0000)]
  0x0000000002771000 JavaThread "Reference Handler" daemon [_thread_blocked, id=13676, stack(0x000000001a7b0000,0x000000001a8b0000)]
  0x000000000267e000 JavaThread "main" [_thread_in_native, id=6620, stack(0x0000000002480000,0x0000000002580000)]

Other Threads:
  0x0000000019627800 VMThread [stack: 0x000000001a6b0000,0x000000001a7b0000] [id=2812]
  0x000000001aef4800 WatcherThread [stack: 0x000000001b3b0000,0x000000001b4b0000] [id=9208]

VM state:not at safepoint (normal execution)

VM Mutex/Monitor currently owned by a thread: None

Heap:
 PSYoungGen      total 56320K, used 25320K [0x0000000781780000, 0x0000000785600000, 0x00000007c0000000)
  eden space 48640K, 36% used [0x0000000781780000,0x00000007828f9568,0x0000000784700000)
  from space 7680K, 96% used [0x0000000784e80000,0x00000007855c0c40,0x0000000785600000)
  to   space 7680K, 0% used [0x0000000784700000,0x0000000784700000,0x0000000784e80000)
 ParOldGen       total 128512K, used 24K [0x0000000704600000, 0x000000070c380000, 0x0000000781780000)
  object space 128512K, 0% used [0x0000000704600000,0x0000000704606000,0x000000070c380000)
 Metaspace       used 17175K, capacity 17592K, committed 17664K, reserved 1064960K
  class space    used 2149K, capacity 2281K, committed 2304K, reserved 1048576K

Card table byte_map: [0x0000000011b40000,0x0000000012120000] byte_map_base: 0x000000000e31d000

Marking Bits: (ParMarkBitMap*) 0x000000005d7064f0
 Begin Bits: [0x0000000012910000, 0x00000000157f8000)
 End Bits:   [0x00000000157f8000, 0x00000000186e0000)

Polling page: 0x0000000000b00000

CodeCache: size=245760Kb used=7073Kb max_used=7089Kb free=238686Kb
 bounds [0x0000000002780000, 0x0000000002e80000, 0x0000000011780000]
 total_blobs=2438 nmethods=2086 adapters=264
 compilation: enabled

Compilation events (10 events):
Event: 16.130 Thread 0x0000000019669800 2084       3       com.sun.tools.javac.parser.Scanner::token (6 bytes)
Event: 16.130 Thread 0x0000000019669800 nmethod 2084 0x0000000002e62510 code [0x0000000002e62680, 0x0000000002e62850]
Event: 16.131 Thread 0x0000000019664000 2085       4       java.nio.CharBuffer::array (35 bytes)
Event: 16.132 Thread 0x0000000019669800 2086       3       com.sun.tools.javac.parser.UnicodeReader::scanCommentChar (41 bytes)
Event: 16.132 Thread 0x0000000019664000 nmethod 2085 0x0000000002e65dd0 code [0x0000000002e65f00, 0x0000000002e65f98]
Event: 16.132 Thread 0x0000000019669800 nmethod 2086 0x0000000002e61d10 code [0x0000000002e61ec0, 0x0000000002e62358]
Event: 16.133 Thread 0x0000000019669800 2087       3       com.sun.tools.javac.util.List::of (12 bytes)
Event: 16.133 Thread 0x0000000019669800 nmethod 2087 0x0000000002e616d0 code [0x0000000002e61840, 0x0000000002e61b70]
Event: 16.214 Thread 0x0000000019669800 2088   !   3       com.sun.tools.javac.parser.JavaTokenizer::readToken (2243 bytes)
Event: 16.234 Thread 0x0000000019664000 2095       4       com.sun.tools.javac.parser.UnicodeReader::scanChar (45 bytes)

GC Heap History (4 events):
Event: 3.768 GC heap before
{Heap before GC invocations=1 (full 0):
 PSYoungGen      total 56320K, used 48640K [0x0000000781780000, 0x0000000785600000, 0x00000007c0000000)
  eden space 48640K, 100% used [0x0000000781780000,0x0000000784700000,0x0000000784700000)
  from space 7680K, 0% used [0x0000000784e80000,0x0000000784e80000,0x0000000785600000)
  to   space 7680K, 0% used [0x0000000784700000,0x0000000784700000,0x0000000784e80000)
 ParOldGen       total 128512K, used 0K [0x0000000704600000, 0x000000070c380000, 0x0000000781780000)
  object space 128512K, 0% used [0x0000000704600000,0x0000000704600000,0x000000070c380000)
 Metaspace       used 9482K, capacity 9660K, committed 9728K, reserved 1058816K
  class space    used 1223K, capacity 1277K, committed 1280K, reserved 1048576K
Event: 3.778 GC heap after
Heap after GC invocations=1 (full 0):
 PSYoungGen      total 56320K, used 6703K [0x0000000781780000, 0x0000000785600000, 0x00000007c0000000)
  eden space 48640K, 0% used [0x0000000781780000,0x0000000781780000,0x0000000784700000)
  from space 7680K, 87% used [0x0000000784700000,0x0000000784d8bff8,0x0000000784e80000)
  to   space 7680K, 0% used [0x0000000784e80000,0x0000000784e80000,0x0000000785600000)
 ParOldGen       total 128512K, used 16K [0x0000000704600000, 0x000000070c380000, 0x0000000781780000)
  object space 128512K, 0% used [0x0000000704600000,0x0000000704604000,0x000000070c380000)
 Metaspace       used 9482K, capacity 9660K, committed 9728K, reserved 1058816K
  class space    used 1223K, capacity 1277K, committed 1280K, reserved 1048576K
}
Event: 14.593 GC heap before
{Heap before GC invocations=2 (full 0):
 PSYoungGen      total 56320K, used 55343K [0x0000000781780000, 0x0000000785600000, 0x00000007c0000000)
  eden space 48640K, 100% used [0x0000000781780000,0x0000000784700000,0x0000000784700000)
  from space 7680K, 87% used [0x0000000784700000,0x0000000784d8bff8,0x0000000784e80000)
  to   space 7680K, 0% used [0x0000000784e80000,0x0000000784e80000,0x0000000785600000)
 ParOldGen       total 128512K, used 16K [0x0000000704600000, 0x000000070c380000, 0x0000000781780000)
  object space 128512K, 0% used [0x0000000704600000,0x0000000704604000,0x000000070c380000)
 Metaspace       used 13106K, capacity 13396K, committed 13568K, reserved 1060864K
  class space    used 1601K, capacity 1689K, committed 1792K, reserved 1048576K
Event: 14.604 GC heap after
Heap after GC invocations=2 (full 0):
 PSYoungGen      total 56320K, used 7427K [0x0000000781780000, 0x0000000785600000, 0x00000007c0000000)
  eden space 48640K, 0% used [0x0000000781780000,0x0000000781780000,0x0000000784700000)
  from space 7680K, 96% used [0x0000000784e80000,0x00000007855c0c40,0x0000000785600000)
  to   space 7680K, 0% used [0x0000000784700000,0x0000000784700000,0x0000000784e80000)
 ParOldGen       total 128512K, used 24K [0x0000000704600000, 0x000000070c380000, 0x0000000781780000)
  object space 128512K, 0% used [0x0000000704600000,0x0000000704606000,0x000000070c380000)
 Metaspace       used 13106K, capacity 13396K, committed 13568K, reserved 1060864K
  class space    used 1601K, capacity 1689K, committed 1792K, reserved 1048576K
}

Deoptimization events (10 events):
Event: 9.084 Thread 0x000000000267e000 Uncommon trap: reason=unstable_if action=reinterpret pc=0x0000000002c91208 method=java.util.ArrayList.remove(I)Ljava/lang/Object; @ 31
Event: 13.668 Thread 0x000000000267e000 Uncommon trap: reason=bimorphic action=maybe_recompile pc=0x0000000002cb5014 method=java.util.HashMap.putVal(ILjava/lang/Object;Ljava/lang/Object;ZZ)Ljava/lang/Object; @ 203
Event: 15.396 Thread 0x000000000267e000 Uncommon trap: reason=unstable_if action=reinterpret pc=0x0000000002dc6824 method=java.util.regex.Pattern.has(I)Z @ 6
Event: 15.396 Thread 0x000000000267e000 Uncommon trap: reason=unstable_if action=reinterpret pc=0x0000000002c7c750 method=java.util.regex.Pattern.has(I)Z @ 6
Event: 15.873 Thread 0x000000000267e000 Uncommon trap: reason=class_check action=maybe_recompile pc=0x0000000002938728 method=sun.misc.URLClassPath.getLoader(I)Lsun/misc/URLClassPath$Loader; @ 94
Event: 15.874 Thread 0x000000000267e000 Uncommon trap: reason=class_check action=maybe_recompile pc=0x0000000002938728 method=sun.misc.URLClassPath.getLoader(I)Lsun/misc/URLClassPath$Loader; @ 94
Event: 16.004 Thread 0x000000000267e000 Uncommon trap: reason=bimorphic action=maybe_recompile pc=0x0000000002da5d20 method=java.util.regex.Pattern$BmpCharProperty.match(Ljava/util/regex/Matcher;ILjava/lang/CharSequence;)Z @ 16
Event: 16.004 Thread 0x000000000267e000 Uncommon trap: reason=bimorphic action=maybe_recompile pc=0x0000000002da5d20 method=java.util.regex.Pattern$BmpCharProperty.match(Ljava/util/regex/Matcher;ILjava/lang/CharSequence;)Z @ 16
Event: 16.005 Thread 0x000000000267e000 Uncommon trap: reason=bimorphic action=maybe_recompile pc=0x0000000002da5d20 method=java.util.regex.Pattern$BmpCharProperty.match(Ljava/util/regex/Matcher;ILjava/lang/CharSequence;)Z @ 16
Event: 16.005 Thread 0x000000000267e000 Uncommon trap: reason=bimorphic action=maybe_recompile pc=0x0000000002da5d20 method=java.util.regex.Pattern$BmpCharProperty.match(Ljava/util/regex/Matcher;ILjava/lang/CharSequence;)Z @ 16

Internal exceptions (10 events):
Event: 3.422 Thread 0x000000000267e000 Exception <a 'java/lang/NoClassDefFoundError': org/slf4j/LoggerFactory> (0x0000000783b8db68) thrown at [D:\re\workspace\8-2-build-windows-amd64-cygwin\jdk8u92\6642\hotspot\src\share\vm\classfile\systemDictionary.cpp, line 199]
Event: 3.422 Thread 0x000000000267e000 Exception <a 'java/lang/NoClassDefFoundError'> (0x0000000783b8db68) thrown at [D:\re\workspace\8-2-build-windows-amd64-cygwin\jdk8u92\6642\hotspot\src\share\vm\oops\instanceKlass.cpp, line 948]
Event: 4.304 Thread 0x000000000267e000 Implicit null exception at 0x000000000295addb to 0x000000000295afc5
Event: 6.410 Thread 0x000000000267e000 Implicit null exception at 0x0000000002b1f715 to 0x0000000002b1f919
Event: 6.410 Thread 0x000000000267e000 Implicit null exception at 0x0000000002a5ff6f to 0x0000000002a5ffd9
Event: 6.707 Thread 0x000000000267e000 Implicit null exception at 0x0000000002bf05be to 0x0000000002bf0855
Event: 8.129 Thread 0x000000000267e000 Implicit null exception at 0x0000000002af963b to 0x0000000002af9da9
Event: 9.644 Thread 0x000000000267e000 Exception <a 'java/lang/NoClassDefFoundError': org/slf4j/Logger> (0x00000007831cf598) thrown at [D:\re\workspace\8-2-build-windows-amd64-cygwin\jdk8u92\6642\hotspot\src\share\vm\oops\constantPool.cpp, line 235]
Event: 13.668 Thread 0x000000000267e000 Exception <a 'java/lang/NoClassDefFoundError': org/slf4j/Logger> (0x0000000784256c30) thrown at [D:\re\workspace\8-2-build-windows-amd64-cygwin\jdk8u92\6642\hotspot\src\share\vm\oops\constantPool.cpp, line 235]
Event: 15.007 Thread 0x000000000267e000 Exception <a 'java/lang/NoClassDefFoundError': org/slf4j/Logger> (0x00000007819a1fa0) thrown at [D:\re\workspace\8-2-build-windows-amd64-cygwin\jdk8u92\6642\hotspot\src\share\vm\oops\constantPool.cpp, line 235]

Events (10 events):
Event: 16.004 Thread 0x000000000267e000 DEOPT UNPACKING pc=0x00000000027c582a sp=0x000000000257ca50 mode 2
Event: 16.004 Thread 0x000000000267e000 Uncommon trap: trap_request=0xffffffc6 fr.pc=0x0000000002da5d20
Event: 16.004 Thread 0x000000000267e000 DEOPT PACKING pc=0x0000000002da5d20 sp=0x000000000257ca40
Event: 16.004 Thread 0x000000000267e000 DEOPT UNPACKING pc=0x00000000027c582a sp=0x000000000257ca20 mode 2
Event: 16.005 Thread 0x000000000267e000 Uncommon trap: trap_request=0xffffffc6 fr.pc=0x0000000002da5d20
Event: 16.005 Thread 0x000000000267e000 DEOPT PACKING pc=0x0000000002da5d20 sp=0x000000000257c560
Event: 16.005 Thread 0x000000000267e000 DEOPT UNPACKING pc=0x00000000027c582a sp=0x000000000257c540 mode 2
Event: 16.005 Thread 0x000000000267e000 Uncommon trap: trap_request=0xffffffc6 fr.pc=0x0000000002da5d20
Event: 16.005 Thread 0x000000000267e000 DEOPT PACKING pc=0x0000000002da5d20 sp=0x000000000257c560
Event: 16.005 Thread 0x000000000267e000 DEOPT UNPACKING pc=0x00000000027c582a sp=0x000000000257c540 mode 2


Dynamic libraries:
0x00007ff638730000 - 0x00007ff638767000 	C:\Program Files\Java\jdk1.8.0_92\bin\java.exe
0x00007ffeb4ae0000 - 0x00007ffeb4c8d000 	C:\Windows\SYSTEM32\ntdll.dll
0x00007ffeb4130000 - 0x00007ffeb426e000 	C:\Windows\system32\KERNEL32.DLL
0x00007ffeb1f40000 - 0x00007ffeb2055000 	C:\Windows\system32\KERNELBASE.dll
0x00007ffeb07d0000 - 0x00007ffeb085e000 	C:\Windows\system32\apphelp.dll
0x00007ffea55c0000 - 0x00007ffea5613000 	C:\Windows\AppPatch\AppPatch64\AcGenral.DLL
0x00007ffeb47e0000 - 0x00007ffeb488a000 	C:\Windows\system32\msvcrt.dll
0x00007ffeb1d30000 - 0x00007ffeb1d5e000 	C:\Windows\system32\SspiCli.dll
0x00007ffeb40d0000 - 0x00007ffeb4124000 	C:\Windows\system32\SHLWAPI.dll
0x00007ffeb3f50000 - 0x00007ffeb40c7000 	C:\Windows\system32\USER32.dll
0x00007ffeb3aa0000 - 0x00007ffeb3c34000 	C:\Windows\system32\ole32.dll
0x00007ffeb2420000 - 0x00007ffeb394c000 	C:\Windows\system32\SHELL32.dll
0x00007ffeb1250000 - 0x00007ffeb1271000 	C:\Windows\SYSTEM32\USERENV.dll
0x00007ffeb4950000 - 0x00007ffeb49fa000 	C:\Windows\system32\ADVAPI32.dll
0x00007ffea6470000 - 0x00007ffea648e000 	C:\Windows\SYSTEM32\MPR.dll
0x00007ffeb3960000 - 0x00007ffeb3aa0000 	C:\Windows\system32\RPCRT4.dll
0x00007ffeb44f0000 - 0x00007ffeb4549000 	C:\Windows\SYSTEM32\sechost.dll
0x00007ffeb4270000 - 0x00007ffeb4482000 	C:\Windows\SYSTEM32\combase.dll
0x00007ffeb45d0000 - 0x00007ffeb471b000 	C:\Windows\system32\GDI32.dll
0x00007ffeb1c10000 - 0x00007ffeb1c25000 	C:\Windows\SYSTEM32\profapi.dll
0x00007ffeb0440000 - 0x00007ffeb04f2000 	C:\Windows\SYSTEM32\SHCORE.dll
0x00007ffeb4790000 - 0x00007ffeb47c6000 	C:\Windows\system32\IMM32.DLL
0x00007ffeb3c40000 - 0x00007ffeb3d91000 	C:\Windows\system32\MSCTF.dll
0x00007ffeaffc0000 - 0x00007ffeb023b000 	C:\Windows\WinSxS\amd64_microsoft.windows.common-controls_6595b64144ccf1df_6.0.9600.18006_none_623f33d3ecbe86e8\COMCTL32.dll
0x000000005ce10000 - 0x000000005cee2000 	C:\Program Files\Java\jdk1.8.0_92\jre\bin\msvcr100.dll
0x000000005cef0000 - 0x000000005d786000 	C:\Program Files\Java\jdk1.8.0_92\jre\bin\server\jvm.dll
0x00007ffea7df0000 - 0x00007ffea7df9000 	C:\Windows\SYSTEM32\WSOCK32.dll
0x00007ffe99940000 - 0x00007ffe99962000 	C:\Windows\SYSTEM32\WINMM.dll
0x00007ffea9e40000 - 0x00007ffea9e4a000 	C:\Windows\SYSTEM32\VERSION.dll
0x00007ffeb3950000 - 0x00007ffeb3957000 	C:\Windows\system32\PSAPI.DLL
0x00007ffeb4550000 - 0x00007ffeb45aa000 	C:\Windows\system32\WS2_32.dll
0x00007ffe99910000 - 0x00007ffe9993a000 	C:\Windows\SYSTEM32\WINMMBASE.dll
0x00007ffeb4a10000 - 0x00007ffeb4a19000 	C:\Windows\system32\NSI.dll
0x00007ffeb1ce0000 - 0x00007ffeb1d2f000 	C:\Windows\SYSTEM32\cfgmgr32.dll
0x00007ffeb0a20000 - 0x00007ffeb0a48000 	C:\Windows\SYSTEM32\DEVOBJ.dll
0x000000005cdc0000 - 0x000000005cdcf000 	C:\Program Files\Java\jdk1.8.0_92\jre\bin\verify.dll
0x000000005cd90000 - 0x000000005cdb9000 	C:\Program Files\Java\jdk1.8.0_92\jre\bin\java.dll
0x000000005cd70000 - 0x000000005cd86000 	C:\Program Files\Java\jdk1.8.0_92\jre\bin\zip.dll
0x000000005cd50000 - 0x000000005cd6a000 	C:\Program Files\Java\jdk1.8.0_92\jre\bin\net.dll
0x00007ffeb1510000 - 0x00007ffeb1569000 	C:\Windows\system32\mswsock.dll
0x000000005cd30000 - 0x000000005cd41000 	C:\Program Files\Java\jdk1.8.0_92\jre\bin\nio.dll

VM Arguments:
jvm_args: -Dclassworlds.conf=C:\Program Files (x86)\NetBeans 8.1\java\maven\bin\m2.conf -Dmaven.home=C:\Program Files (x86)\NetBeans 8.1\java\maven 
java_command: org.codehaus.plexus.classworlds.launcher.Launcher -Dmaven.ext.class.path=C:\Program Files (x86)\NetBeans 8.1\java\maven-nblib\netbeans-eventspy.jar clean install
java_class_path (initial): C:\Program Files (x86)\NetBeans 8.1\java\maven\boot\plexus-classworlds-2.4.jar
Launcher Type: SUN_STANDARD

Environment Variables:
JAVA_HOME=C:\Program Files\Java\jdk1.8.0_92
PATH=C:\Program Files\Microsoft MPI\Bin\;C:\ProgramData\Oracle\Java\javapath;C:\Windows\system32;C:\Windows;C:\Windows\System32\Wbem;C:\Windows\System32\WindowsPowerShell\v1.0\;C:\Program Files (x86)\Microsoft SQL Server\100\Tools\Binn\;C:\Program Files\Microsoft SQL Server\100\Tools\Binn\;C:\Program Files\Microsoft SQL Server\100\DTS\Binn\;C:\Program Files\Microsoft\Web Platform Installer\;C:\Program Files (x86)\Microsoft ASP.NET\ASP.NET Web Pages\v1.0\;E:\nodejs\;C:\Program Files (x86)\Skype\Phone\;E:\Git\cmd;C:\Program Files (x86)\Microsoft SQL Server\Client SDK\ODBC\130\Tools\Binn\;C:\Program Files (x86)\Microsoft SQL Server\140\Tools\Binn\;C:\Program Files (x86)\Microsoft SQL Server\140\DTS\Binn\;C:\Program Files (x86)\Microsoft SQL Server\140\Tools\Binn\ManagementStudio\;C:\Users\jotalvaro\AppData\Roaming\npm;E:\Microsoft VS Code\bin
USERNAME=Jotalvaro
OS=Windows_NT
PROCESSOR_IDENTIFIER=Intel64 Family 6 Model 60 Stepping 3, GenuineIntel



---------------  S Y S T E M  ---------------

OS: Windows 8.1 , 64 bit Build 9600 (6.3.9600.17415)

CPU:total 4 (2 cores per cpu, 2 threads per core) family 6 model 60 stepping 3, cmov, cx8, fxsr, mmx, sse, sse2, sse3, ssse3, sse4.1, sse4.2, popcnt, avx, avx2, aes, clmul, erms, lzcnt, ht, tsc, tscinvbit, bmi1, bmi2

Memory: 4k page, physical 12288652k(857968k free), swap 18432652k(5084k free)

vm_info: Java HotSpot(TM) 64-Bit Server VM (25.92-b14) for windows-amd64 JRE (1.8.0_92-b14), built on Mar 31 2016 21:03:04 by "java_re" with MS VC++ 10.0 (VS2010)

time: Mon Mar 12 17:09:04 2018
elapsed time: 16 seconds (0d 0h 0m 16s)

